Cleaned: C:\Users\tcmid\gumbuo-site\client.ts
Cleaned: C:\Users\tcmid\gumbuo-site\next-env.d.ts
Cleaned: C:\Users\tcmid\gumbuo-site\page.client.tsx
Cleaned: C:\Users\tcmid\gumbuo-site\providers.tsx
Cleaned: C:\Users\tcmid\gumbuo-site\tailwind.config.ts
Cleaned: C:\Users\tcmid\gumbuo-site\thirdweb.d.ts
Cleaned: C:\Users\tcmid\gumbuo-site\ThirdwebProviderWrapper.tsx
Cleaned: C:\Users\tcmid\gumbuo-site\wagmiConfig.ts
Cleaned: C:\Users\tcmid\gumbuo-site\app\layout.tsx
Cleaned: C:\Users\tcmid\gumbuo-site\app\metadata.ts
Cleaned: C:\Users\tcmid\gumbuo-site\app\not-found.tsx
Cleaned: C:\Users\tcmid\gumbuo-site\app\providers.tsx
Cleaned: C:\Users\tcmid\gumbuo-site\app\queryClient.ts
Cleaned: C:\Users\tcmid\gumbuo-site\app\QueryProvider.tsx
Cleaned: C:\Users\tcmid\gumbuo-site\app\trigger.ts
Cleaned: C:\Users\tcmid\gumbuo-site\app\wagmiConfig.ts
Cleaned: C:\Users\tcmid\gumbuo-site\app\api\logConnect.ts
Cleaned: C:\Users\tcmid\gumbuo-site\app\api\logPurchase.ts
Cleaned: C:\Users\tcmid\gumbuo-site\app\api\logPurchase\route.ts
Cleaned: C:\Users\tcmid\gumbuo-site\app\components\ConnectButton.tsx
Cleaned: C:\Users\tcmid\gumbuo-site\app\components\DisconnectButton.tsx
Cleaned: C:\Users\tcmid\gumbuo-site\app\components\layout.tsx
Cleaned: C:\Users\tcmid\gumbuo-site\app\components\Leaderboard.tsx
Cleaned: C:\Users\tcmid\gumbuo-site\app\components\Mascots.tsx
Cleaned: C:\Users\tcmid\gumbuo-site\app\components\PresaleBar.tsx
Cleaned: C:\Users\tcmid\gumbuo-site\app\components\PresaleEthAllocation.tsx
Cleaned: C:\Users\tcmid\gumbuo-site\app\components\PresaleProjection.tsx
Cleaned: C:\Users\tcmid\gumbuo-site\app\components\Tokenomics.tsx
Cleaned: C:\Users\tcmid\gumbuo-site\app\components\WalletConnectButtons.tsx
Cleaned: C:\Users\tcmid\gumbuo-site\app\components\WalletHeader.tsx
Cleaned: C:\Users\tcmid\gumbuo-site\app\presale\BuyButton.tsx
Cleaned: C:\Users\tcmid\gumbuo-site\app\presale\handleBuy.tsx
Cleaned: C:\Users\tcmid\gumbuo-site\app\presale\LeaderboardFetch.tsx
Cleaned: C:\Users\tcmid\gumbuo-site\app\presale\page.header.tsx
Cleaned: C:\Users\tcmid\gumbuo-site\app\presale\page_backup.tsx
Cleaned: C:\Users\tcmid\gumbuo-site\app\presale\page_header.tsx
Cleaned: C:\Users\tcmid\gumbuo-site\components\PresaleBar.tsx
Cleaned: C:\Users\tcmid\gumbuo-site\legacy-pages\index.tsx
Cleaned: C:\Users\tcmid\gumbuo-site\lib\presaleHandler.ts
Cleaned: C:\Users\tcmid\gumbuo-site\pages\staking.tsx
Cleaned: C:\Users\tcmid\gumbuo-site\pages\teaser.tsx
Cleaned: C:\Users\tcmid\gumbuo-site\pages\_app.tsx
Cleaned: C:\Users\tcmid\gumbuo-site\pages\api\getLeaderboard.ts
Cleaned: C:\Users\tcmid\gumbuo-site\pages\api\getPurchases.ts
Cleaned: C:\Users\tcmid\gumbuo-site\pages\api\getVisitors.ts
Cleaned: C:\Users\tcmid\gumbuo-site\pages\api\leaderboard.ts
Cleaned: C:\Users\tcmid\gumbuo-site\pages\api\logConnect.ts
Cleaned: C:\Users\tcmid\gumbuo-site\pages\api\logVisitor.ts
Cleaned: C:\Users\tcmid\gumbuo-site\pages\api\triggerClaim.ts
Permission denied or unreadable: C:\Users\tcmid\gumbuo-site\pages\wallet\[wallet].tsx
Cleaned: C:\Users\tcmid\gumbuo-site\src\config.ts
Cleaned: C:\Users\tcmid\gumbuo-site\src\first50.ts
Cleaned: C:\Users\tcmid\gumbuo-site\src\wagmiConfig.ts
Cleaned: C:\Users\tcmid\gumbuo-site\src\wallets.ts
Cleaned: C:\Users\tcmid\gumbuo-site\src\abis\GumbuoPresale.ts
Cleaned: C:\Users\tcmid\gumbuo-site\src\config\presale.ts
Cleaned: C:\Users\tcmid\gumbuo-site\temp-backup\client.ts
Cleaned: C:\Users\tcmid\gumbuo-site\temp-backup\next-env.d.ts
Cleaned: C:\Users\tcmid\gumbuo-site\temp-backup\page.client.tsx
Cleaned: C:\Users\tcmid\gumbuo-site\temp-backup\providers.tsx
Cleaned: C:\Users\tcmid\gumbuo-site\temp-backup\tailwind.config.ts
Cleaned: C:\Users\tcmid\gumbuo-site\temp-backup\thirdweb.d.ts
Cleaned: C:\Users\tcmid\gumbuo-site\temp-backup\ThirdwebProviderWrapper.tsx
Cleaned: C:\Users\tcmid\gumbuo-site\temp-backup\app\layout.tsx
Cleaned: C:\Users\tcmid\gumbuo-site\temp-backup\app\metadata.ts
Cleaned: C:\Users\tcmid\gumbuo-site\temp-backup\app\providers.tsx
Cleaned: C:\Users\tcmid\gumbuo-site\temp-backup\app\trigger.ts
Cleaned: C:\Users\tcmid\gumbuo-site\temp-backup\components\PresaleBar.tsx
Cleaned: C:\Users\tcmid\gumbuo-site\temp-backup\pages\api\getPurchases.ts
Cleaned: C:\Users\tcmid\gumbuo-site\temp-backup\pages\api\getVisitors.ts
Cleaned: C:\Users\tcmid\gumbuo-site\temp-backup\pages\api\logConnect.ts
Cleaned: C:\Users\tcmid\gumbuo-site\temp-backup\pages\api\logPurchase.ts
Cleaned: C:\Users\tcmid\gumbuo-site\temp-backup\pages\api\logVisitor.ts
Cleaned: C:\Users\tcmid\gumbuo-site\temp-backup\src\config.ts
Cleaned: C:\Users\tcmid\gumbuo-site\temp-backup\src\first50.ts
Cleaned: C:\Users\tcmid\gumbuo-site\temp-backup\src\wallets.ts
Cleaned: C:\Users\tcmid\gumbuo-site\temp-backup\test\page.tsx
Cleaned: C:\Users\tcmid\gumbuo-site\test\page.tsx
